<?xml version="1.0" encoding="UTF-8"?>
<testsuite name="repository.XMLRepository.XMLNotaRepositoryTest" tests="4" skipped="0" failures="0" errors="0" timestamp="2019-11-27T07:25:29" hostname="DESKTOP-VMLOCAO" time="0.164">
  <properties/>
  <testcase name="updateFailed()" classname="repository.XMLRepository.XMLNotaRepositoryTest" time="0.138"/>
  <testcase name="updateThrowIllegalArgumentException()" classname="repository.XMLRepository.XMLNotaRepositoryTest" time="0.008"/>
  <testcase name="updateThrowValidationException()" classname="repository.XMLRepository.XMLNotaRepositoryTest" time="0.007"/>
  <testcase name="updateSuccessfull()" classname="repository.XMLRepository.XMLNotaRepositoryTest" time="0.008"/>
  <system-out><![CDATA[]]></system-out>
  <system-err><![CDATA[]]></system-err>
</testsuite>
